<?xml version="1.0" encoding="UTF-8"?>
<robot generator="Robot 7.0 (Python 3.12.6 on win32)" generated="2025-01-23T19:47:36.144930" rpa="false" schemaversion="5">
<suite id="s1" name="Start" source="C:\Petronio\Noesis\NoesisAcademy\202501-RobotFramework\Robot_Web\start.robot">
<test id="s1-t1" name="Logar com User e password corretos" line="24">
<kw name="Acessar a aplicacao">
<kw name="Open Browser" owner="SeleniumLibrary">
<msg time="2025-01-23T19:47:36.703083" level="INFO">Opening browser 'chrome' to base url 'https://opensource-demo.orangehrmlive.com/web/index.php/auth/login'.</msg>
<arg>https://opensource-demo.orangehrmlive.com/web/index.php/auth/login</arg>
<arg>chrome</arg>
<arg>options=add_argument("--start-maximized")</arg>
<doc>Opens a new browser instance to the optional ``url``.</doc>
<status status="PASS" start="2025-01-23T19:47:36.703083" elapsed="16.238853"/>
</kw>
<kw name="Wait Until Element Is Enabled" owner="SeleniumLibrary">
<arg>xpath://input[@name="username"]</arg>
<arg>20</arg>
<doc>Waits until the element ``locator`` is enabled.</doc>
<status status="PASS" start="2025-01-23T19:47:52.941936" elapsed="0.499249"/>
</kw>
<kw name="Input Text" owner="SeleniumLibrary">
<msg time="2025-01-23T19:47:53.442201" level="INFO">Typing text 'Admin' into text field 'xpath://input[@name="username"]'.</msg>
<arg>xpath://input[@name="username"]</arg>
<arg>${login}</arg>
<doc>Types the given ``text`` into the text field identified by ``locator``.</doc>
<status status="PASS" start="2025-01-23T19:47:53.442201" elapsed="0.202613"/>
</kw>
<kw name="Input Text" owner="SeleniumLibrary">
<msg time="2025-01-23T19:47:53.645816" level="INFO">Typing text 'admin123' into text field 'xpath://input[@placeholder="Password"]'.</msg>
<arg>xpath://input[@placeholder="Password"]</arg>
<arg>${password}</arg>
<doc>Types the given ``text`` into the text field identified by ``locator``.</doc>
<status status="PASS" start="2025-01-23T19:47:53.644814" elapsed="0.234510"/>
</kw>
<kw name="Click Button" owner="SeleniumLibrary">
<msg time="2025-01-23T19:47:53.879324" level="INFO">Clicking button 'xpath://button[text()=" Login "]'.</msg>
<arg>xpath://button[text()=" Login "]</arg>
<doc>Clicks the button identified by ``locator``.</doc>
<status status="PASS" start="2025-01-23T19:47:53.879324" elapsed="1.188615"/>
</kw>
<kw name="Sleep" owner="BuiltIn">
<msg time="2025-01-23T19:48:00.068275" level="INFO">Slept 5 seconds.</msg>
<arg>5</arg>
<doc>Pauses the test executed for the given time.</doc>
<status status="PASS" start="2025-01-23T19:47:55.067939" elapsed="5.000336"/>
</kw>
<kw name="Page Should Contain Image" owner="SeleniumLibrary">
<msg time="2025-01-23T19:48:00.107054" level="INFO">Current page contains image '//img[@src="/web/images/orange.png?v=1721393199309"]'.</msg>
<arg>//img[@src="/web/images/orange.png?v=1721393199309"]</arg>
<doc>Verifies image identified by ``locator`` is found from current page.</doc>
<status status="PASS" start="2025-01-23T19:48:00.068275" elapsed="0.038779"/>
</kw>
<kw name="Capture Page Screenshot" owner="SeleniumLibrary">
<msg time="2025-01-23T19:48:00.233013" level="INFO" html="true">&lt;/td&gt;&lt;/tr&gt;&lt;tr&gt;&lt;td colspan="3"&gt;&lt;a href="selenium-screenshot-4.png"&gt;&lt;img src="selenium-screenshot-4.png" width="800px"&gt;&lt;/a&gt;</msg>
<doc>Takes a screenshot of the current page and embeds it into a log file.</doc>
<status status="PASS" start="2025-01-23T19:48:00.107054" elapsed="0.125959"/>
</kw>
<status status="PASS" start="2025-01-23T19:47:36.701573" elapsed="23.531440"/>
</kw>
<kw name="Click Link" owner="SeleniumLibrary">
<msg time="2025-01-23T19:48:00.233999" level="INFO">Clicking link '//a[@href="/web/index.php/admin/viewAdminModule"]'.</msg>
<arg>//a[@href="/web/index.php/admin/viewAdminModule"]</arg>
<doc>Clicks a link identified by ``locator``.</doc>
<status status="PASS" start="2025-01-23T19:48:00.233999" elapsed="0.988157"/>
</kw>
<kw name="Sleep" owner="BuiltIn">
<msg time="2025-01-23T19:48:04.223615" level="INFO">Slept 3 seconds.</msg>
<arg>3</arg>
<doc>Pauses the test executed for the given time.</doc>
<status status="PASS" start="2025-01-23T19:48:01.223158" elapsed="3.001221"/>
</kw>
<kw name="Element Should Be Visible" owner="SeleniumLibrary">
<msg time="2025-01-23T19:48:04.302845" level="INFO">Element '//h6[text()="User Management"]' is displayed.</msg>
<arg>//h6[text()="User Management"]</arg>
<doc>Verifies that the element identified by ``locator`` is visible.</doc>
<status status="PASS" start="2025-01-23T19:48:04.225395" elapsed="0.077450"/>
</kw>
<tag>logar</tag>
<status status="PASS" start="2025-01-23T19:47:36.701573" elapsed="27.601272"/>
</test>
<status status="PASS" start="2025-01-23T19:47:36.166044" elapsed="28.139245"/>
</suite>
<statistics>
<total>
<stat pass="1" fail="0" skip="0">All Tests</stat>
</total>
<tag>
<stat pass="1" fail="0" skip="0">logar</stat>
</tag>
<suite>
<stat pass="1" fail="0" skip="0" id="s1" name="Start">Start</stat>
</suite>
</statistics>
<errors>
</errors>
</robot>
